<?xml version="1.0" encoding="UTF-8"?>
<!-- Generated by org.testng.reporters.JUnitXMLReporter -->
<testsuite ignored="0" hostname="acer-swift" failures="0" tests="8" name="Surefire test" time="13.593" errors="0" timestamp="2026-08-31T18:48:45 IST">
  <testcase classname="CartTest" name="removeProductFromCart" time="0.341"/>
  <testcase classname="CartTest" name="verifyCartWithProduct" time="0.357"/>
  <testcase classname="CheckoutTest" name="completeCheckoutWorkflow" time="0.557"/>
  <testcase classname="LoginTest" name="invalidPasswordTest" time="0.188"/>
  <testcase classname="LoginTest" name="validLoginTest" time="0.201"/>
  <testcase classname="LogoutTest" name="logoutTest" time="0.862"/>
  <testcase classname="ProductTest" name="addFirstProductToCart" time="0.264"/>
  <testcase classname="ProductTest" name="verifyProductsPage" time="0.21"/>
</testsuite> <!-- Surefire test -->
