<?xml version="1.0" encoding="UTF-8"?>
<testng-results ignored="0" total="8" passed="8" failed="0" skipped="0">
  <reporter-output>
  </reporter-output>
  <suite started-at="2026-08-31T18:48:32 IST" name="Surefire suite" finished-at="2026-08-31T18:48:45 IST" duration-ms="13593">
    <groups>
    </groups>
    <test started-at="2026-08-31T18:48:32 IST" name="Surefire test" finished-at="2026-08-31T18:48:45 IST" duration-ms="13593">
      <class name="ProductTest">
        <test-method is-config="true" signature="setUp()[pri:0, instance:ProductTest@212bf671]" started-at="2026-08-31T18:48:42 IST" name="setUp" finished-at="2026-08-31T18:48:43 IST" duration-ms="1041" status="PASS">
          <reporter-output>
          </reporter-output>
        </test-method> <!-- setUp -->
        <test-method signature="addFirstProductToCart()[pri:0, instance:ProductTest@212bf671]" started-at="2026-08-31T18:48:43 IST" name="addFirstProductToCart" finished-at="2026-08-31T18:48:44 IST" duration-ms="264" status="PASS">
          <reporter-output>
          </reporter-output>
        </test-method> <!-- addFirstProductToCart -->
        <test-method is-config="true" signature="tearDown()[pri:0, instance:ProductTest@212bf671]" started-at="2026-08-31T18:48:44 IST" name="tearDown" finished-at="2026-08-31T18:48:44 IST" duration-ms="179" status="PASS">
          <reporter-output>
          </reporter-output>
        </test-method> <!-- tearDown -->
        <test-method is-config="true" signature="setUp()[pri:0, instance:ProductTest@212bf671]" started-at="2026-08-31T18:48:44 IST" name="setUp" finished-at="2026-08-31T18:48:45 IST" duration-ms="1102" status="PASS">
          <reporter-output>
          </reporter-output>
        </test-method> <!-- setUp -->
        <test-method signature="verifyProductsPage()[pri:0, instance:ProductTest@212bf671]" started-at="2026-08-31T18:48:45 IST" name="verifyProductsPage" finished-at="2026-08-31T18:48:45 IST" duration-ms="210" status="PASS">
          <reporter-output>
          </reporter-output>
        </test-method> <!-- verifyProductsPage -->
        <test-method is-config="true" signature="tearDown()[pri:0, instance:ProductTest@212bf671]" started-at="2026-08-31T18:48:45 IST" name="tearDown" finished-at="2026-08-31T18:48:45 IST" duration-ms="156" status="PASS">
          <reporter-output>
          </reporter-output>
        </test-method> <!-- tearDown -->
      </class> <!-- ProductTest -->
      <class name="CheckoutTest">
        <test-method is-config="true" signature="setUp()[pri:0, instance:CheckoutTest@240237d2]" started-at="2026-08-31T18:48:36 IST" name="setUp" finished-at="2026-08-31T18:48:37 IST" duration-ms="1170" status="PASS">
          <reporter-output>
          </reporter-output>
        </test-method> <!-- setUp -->
        <test-method signature="completeCheckoutWorkflow()[pri:0, instance:CheckoutTest@240237d2]" started-at="2026-08-31T18:48:37 IST" name="completeCheckoutWorkflow" finished-at="2026-08-31T18:48:37 IST" duration-ms="557" status="PASS">
          <reporter-output>
          </reporter-output>
        </test-method> <!-- completeCheckoutWorkflow -->
        <test-method is-config="true" signature="tearDown()[pri:0, instance:CheckoutTest@240237d2]" started-at="2026-08-31T18:48:37 IST" name="tearDown" finished-at="2026-08-31T18:48:37 IST" duration-ms="144" status="PASS">
          <reporter-output>
          </reporter-output>
        </test-method> <!-- tearDown -->
      </class> <!-- CheckoutTest -->
      <class name="LogoutTest">
        <test-method is-config="true" signature="setUp()[pri:0, instance:LogoutTest@2ed0fbae]" started-at="2026-08-31T18:48:40 IST" name="setUp" finished-at="2026-08-31T18:48:41 IST" duration-ms="1109" status="PASS">
          <reporter-output>
          </reporter-output>
        </test-method> <!-- setUp -->
        <test-method signature="logoutTest()[pri:0, instance:LogoutTest@2ed0fbae]" started-at="2026-08-31T18:48:41 IST" name="logoutTest" finished-at="2026-08-31T18:48:42 IST" duration-ms="862" status="PASS">
          <reporter-output>
          </reporter-output>
        </test-method> <!-- logoutTest -->
        <test-method is-config="true" signature="tearDown()[pri:0, instance:LogoutTest@2ed0fbae]" started-at="2026-08-31T18:48:42 IST" name="tearDown" finished-at="2026-08-31T18:48:42 IST" duration-ms="131" status="PASS">
          <reporter-output>
          </reporter-output>
        </test-method> <!-- tearDown -->
      </class> <!-- LogoutTest -->
      <class name="LoginTest">
        <test-method is-config="true" signature="setUp()[pri:0, instance:LoginTest@25a65b77]" started-at="2026-08-31T18:48:37 IST" name="setUp" finished-at="2026-08-31T18:48:39 IST" duration-ms="1103" status="PASS">
          <reporter-output>
          </reporter-output>
        </test-method> <!-- setUp -->
        <test-method signature="invalidPasswordTest()[pri:0, instance:LoginTest@25a65b77]" started-at="2026-08-31T18:48:39 IST" name="invalidPasswordTest" finished-at="2026-08-31T18:48:39 IST" duration-ms="188" status="PASS">
          <reporter-output>
          </reporter-output>
        </test-method> <!-- invalidPasswordTest -->
        <test-method is-config="true" signature="tearDown()[pri:0, instance:LoginTest@25a65b77]" started-at="2026-08-31T18:48:39 IST" name="tearDown" finished-at="2026-08-31T18:48:39 IST" duration-ms="168" status="PASS">
          <reporter-output>
          </reporter-output>
        </test-method> <!-- tearDown -->
        <test-method is-config="true" signature="setUp()[pri:0, instance:LoginTest@25a65b77]" started-at="2026-08-31T18:48:39 IST" name="setUp" finished-at="2026-08-31T18:48:40 IST" duration-ms="1096" status="PASS">
          <reporter-output>
          </reporter-output>
        </test-method> <!-- setUp -->
        <test-method signature="validLoginTest()[pri:0, instance:LoginTest@25a65b77]" started-at="2026-08-31T18:48:40 IST" name="validLoginTest" finished-at="2026-08-31T18:48:40 IST" duration-ms="201" status="PASS">
          <reporter-output>
          </reporter-output>
        </test-method> <!-- validLoginTest -->
        <test-method is-config="true" signature="tearDown()[pri:0, instance:LoginTest@25a65b77]" started-at="2026-08-31T18:48:40 IST" name="tearDown" finished-at="2026-08-31T18:48:40 IST" duration-ms="149" status="PASS">
          <reporter-output>
          </reporter-output>
        </test-method> <!-- tearDown -->
      </class> <!-- LoginTest -->
      <class name="CartTest">
        <test-method is-config="true" signature="setUp()[pri:0, instance:CartTest@12d3a4e9]" started-at="2026-08-31T18:48:32 IST" name="setUp" finished-at="2026-08-31T18:48:33 IST" duration-ms="1453" status="PASS">
          <reporter-output>
          </reporter-output>
        </test-method> <!-- setUp -->
        <test-method signature="removeProductFromCart()[pri:0, instance:CartTest@12d3a4e9]" started-at="2026-08-31T18:48:33 IST" name="removeProductFromCart" finished-at="2026-08-31T18:48:34 IST" duration-ms="341" status="PASS">
          <reporter-output>
          </reporter-output>
        </test-method> <!-- removeProductFromCart -->
        <test-method is-config="true" signature="tearDown()[pri:0, instance:CartTest@12d3a4e9]" started-at="2026-08-31T18:48:34 IST" name="tearDown" finished-at="2026-08-31T18:48:34 IST" duration-ms="221" status="PASS">
          <reporter-output>
          </reporter-output>
        </test-method> <!-- tearDown -->
        <test-method is-config="true" signature="setUp()[pri:0, instance:CartTest@12d3a4e9]" started-at="2026-08-31T18:48:34 IST" name="setUp" finished-at="2026-08-31T18:48:35 IST" duration-ms="1182" status="PASS">
          <reporter-output>
          </reporter-output>
        </test-method> <!-- setUp -->
        <test-method signature="verifyCartWithProduct()[pri:0, instance:CartTest@12d3a4e9]" started-at="2026-08-31T18:48:35 IST" name="verifyCartWithProduct" finished-at="2026-08-31T18:48:35 IST" duration-ms="357" status="PASS">
          <reporter-output>
          </reporter-output>
        </test-method> <!-- verifyCartWithProduct -->
        <test-method is-config="true" signature="tearDown()[pri:0, instance:CartTest@12d3a4e9]" started-at="2026-08-31T18:48:35 IST" name="tearDown" finished-at="2026-08-31T18:48:36 IST" duration-ms="166" status="PASS">
          <reporter-output>
          </reporter-output>
        </test-method> <!-- tearDown -->
      </class> <!-- CartTest -->
    </test> <!-- Surefire test -->
  </suite> <!-- Surefire suite -->
</testng-results>
